TN:
SF:commitlint.config.cjs
FNF:0
FNH:0
DA:1,0
LF:1
LH:0
BRF:0
BRH:0
end_of_record
TN:
SF:backend/src/app.ts
FN:45,(anonymous_0)
FNF:1
FNH:0
FNDA:0,(anonymous_0)
DA:11,2
DA:14,2
DA:20,2
DA:21,2
DA:22,2
DA:24,2
DA:25,2
DA:27,2
DA:29,2
DA:30,2
DA:45,2
DA:46,0
DA:47,0
LF:13
LH:11
BRF:0
BRH:0
end_of_record
TN:
SF:backend/src/config.ts
FNF:0
FNH:0
DA:3,2
DA:5,2
DA:7,2
DA:8,2
DA:10,2
LF:5
LH:5
BRDA:5,0,0,2
BRDA:5,0,1,0
BRDA:7,1,0,2
BRDA:7,1,1,2
BRDA:8,2,0,2
BRDA:8,2,1,2
BRDA:10,3,0,2
BRDA:10,3,1,0
BRF:8
BRH:6
end_of_record
TN:
SF:backend/src/index.ts
FN:7,(anonymous_0)
FNF:1
FNH:0
FNDA:0,(anonymous_0)
DA:5,0
DA:7,0
DA:8,0
LF:3
LH:0
BRF:0
BRH:0
end_of_record
TN:
SF:backend/src/controllers/memories.controller.ts
FN:13,getMemoryController
FN:56,getMemoriesController
FN:89,addMemoryController
FN:130,updateMemoryController
FN:181,deleteMemoryController
FNF:5
FNH:0
FNDA:0,getMemoryController
FNDA:0,getMemoriesController
FNDA:0,addMemoryController
FNDA:0,updateMemoryController
FNDA:0,deleteMemoryController
DA:17,0
DA:18,0
DA:19,0
DA:21,0
DA:22,0
DA:27,0
DA:28,0
DA:29,0
DA:31,0
DA:38,0
DA:39,0
DA:43,0
DA:60,0
DA:61,0
DA:62,0
DA:63,0
DA:68,0
DA:69,0
DA:71,0
DA:72,0
DA:76,0
DA:93,0
DA:94,0
DA:96,0
DA:98,0
DA:99,0
DA:103,0
DA:104,0
DA:106,0
DA:107,0
DA:117,0
DA:134,0
DA:135,0
DA:136,0
DA:138,0
DA:139,0
DA:141,0
DA:142,0
DA:147,0
DA:148,0
DA:150,0
DA:157,0
DA:158,0
DA:168,0
DA:185,0
DA:186,0
DA:187,0
DA:189,0
DA:190,0
DA:195,0
DA:196,0
DA:197,0
DA:203,0
DA:214,0
DA:215,0
DA:219,0
LF:56
LH:0
BRDA:21,0,0,0
BRDA:21,0,1,0
BRDA:27,1,0,0
BRDA:27,1,1,0
BRDA:38,2,0,0
BRDA:38,2,1,0
BRDA:62,3,0,0
BRDA:62,3,1,0
BRDA:71,4,0,0
BRDA:71,4,1,0
BRDA:98,5,0,0
BRDA:98,5,1,0
BRDA:106,6,0,0
BRDA:106,6,1,0
BRDA:138,7,0,0
BRDA:138,7,1,0
BRDA:141,8,0,0
BRDA:141,8,1,0
BRDA:157,9,0,0
BRDA:157,9,1,0
BRDA:189,10,0,0
BRDA:189,10,1,0
BRDA:195,11,0,0
BRDA:195,11,1,0
BRDA:214,12,0,0
BRDA:214,12,1,0
BRF:26
BRH:0
end_of_record
TN:
SF:backend/src/controllers/user.controller.ts
FN:10,(anonymous_0)
FN:73,(anonymous_1)
FN:146,(anonymous_2)
FN:158,(anonymous_3)
FN:176,(anonymous_4)
FNF:5
FNH:2
FNDA:2,(anonymous_0)
FNDA:3,(anonymous_1)
FNDA:0,(anonymous_2)
FNDA:0,(anonymous_3)
FNDA:0,(anonymous_4)
DA:10,2
DA:14,2
DA:16,2
DA:17,2
DA:18,1
DA:20,1
DA:28,1
DA:32,1
DA:34,1
DA:36,1
DA:37,1
DA:38,1
DA:39,1
DA:49,0
DA:60,0
DA:73,2
DA:77,3
DA:79,3
DA:80,3
DA:82,1
DA:84,1
DA:92,1
DA:96,1
DA:98,2
DA:100,2
DA:101,2
DA:102,1
DA:111,1
DA:112,1
DA:122,0
DA:133,0
DA:146,2
DA:150,0
DA:155,0
DA:158,2
DA:162,0
DA:164,0
DA:165,0
DA:176,0
DA:177,0
DA:178,0
DA:189,0
DA:190,0
DA:191,0
DA:192,0
DA:203,0
LF:46
LH:29
BRDA:36,0,0,1
BRDA:36,0,1,0
BRDA:37,1,0,1
BRDA:37,1,1,0
BRDA:100,2,0,2
BRDA:100,2,1,0
BRDA:101,3,0,1
BRDA:101,3,1,1
BRDA:111,4,0,1
BRDA:111,4,1,0
BRDA:164,5,0,0
BRDA:164,5,1,0
BRDA:177,6,0,0
BRDA:177,6,1,0
BRDA:191,7,0,0
BRDA:191,7,1,0
BRF:16
BRH:6
end_of_record
TN:
SF:backend/src/database/db.ts
FN:5,(anonymous_0)
FN:13,(anonymous_1)
FNF:2
FNH:2
FNDA:2,(anonymous_0)
FNDA:2,(anonymous_1)
DA:5,2
DA:6,2
DA:7,2
DA:9,0
DA:13,2
DA:14,2
LF:6
LH:5
BRF:0
BRH:0
end_of_record
TN:
SF:backend/src/libs/jwt.ts
FN:5,createAccessToken
FN:6,(anonymous_1)
FN:13,(anonymous_2)
FNF:3
FNH:3
FNDA:2,createAccessToken
FNDA:2,(anonymous_1)
FNDA:2,(anonymous_2)
DA:6,2
DA:7,2
DA:14,2
DA:15,0
DA:16,2
DA:17,2
DA:19,0
LF:7
LH:5
BRDA:14,0,0,0
BRDA:14,0,1,2
BRDA:16,1,0,2
BRDA:16,1,1,0
BRF:4
BRH:2
end_of_record
TN:
SF:backend/src/middlewares/validateToken.ts
FN:7,(anonymous_0)
FN:27,(anonymous_1)
FNF:2
FNH:0
FNDA:0,(anonymous_0)
FNDA:0,(anonymous_1)
DA:7,2
DA:12,0
DA:14,0
DA:15,0
DA:24,0
DA:27,0
DA:28,0
DA:29,0
DA:30,0
DA:39,0
DA:42,0
DA:43,0
DA:45,0
LF:13
LH:1
BRDA:12,0,0,0
BRDA:12,0,1,0
BRDA:14,1,0,0
BRDA:14,1,1,0
BRDA:28,2,0,0
BRDA:28,2,1,0
BRF:6
BRH:0
end_of_record
TN:
SF:backend/src/middlewares/validator.middleware.ts
FN:6,(anonymous_0)
FN:9,(anonymous_1)
FN:20,(anonymous_2)
FNF:3
FNH:3
FNDA:4,(anonymous_0)
FNDA:9,(anonymous_1)
FNDA:4,(anonymous_2)
DA:6,2
DA:9,4
DA:10,9
DA:11,9
DA:12,5
DA:14,4
DA:15,4
DA:16,4
DA:20,4
DA:24,0
DA:25,0
LF:11
LH:9
BRDA:14,0,0,4
BRDA:14,0,1,0
BRF:2
BRH:1
end_of_record
TN:
SF:backend/src/models/imageurl.model.ts
FNF:0
FNH:0
DA:3,0
DA:5,0
LF:2
LH:0
BRF:0
BRH:0
end_of_record
TN:
SF:backend/src/models/memory.model.ts
FN:51,setImagesUrl
FN:53,(anonymous_1)
FNF:2
FNH:0
FNDA:0,setImagesUrl
FNDA:0,(anonymous_1)
DA:6,2
DA:8,2
DA:51,2
DA:52,0
DA:53,0
DA:54,0
DA:55,0
DA:58,0
DA:60,0
DA:61,0
LF:10
LH:3
BRF:0
BRH:0
end_of_record
TN:
SF:backend/src/models/user.model.ts
FNF:0
FNH:0
DA:3,2
DA:5,2
LF:2
LH:2
BRF:0
BRH:0
end_of_record
TN:
SF:backend/src/schemas/imageurl.schema.ts
FNF:0
FNH:0
DA:3,0
DA:5,0
DA:7,0
DA:17,0
LF:4
LH:0
BRF:0
BRH:0
end_of_record
TN:
SF:backend/src/schemas/login.schema.ts
FN:9,(anonymous_0)
FNF:1
FNH:1
FNDA:5,(anonymous_0)
DA:3,2
DA:10,5
LF:2
LH:2
BRF:0
BRH:0
end_of_record
TN:
SF:backend/src/schemas/memory.schema.ts
FN:7,(anonymous_0)
FN:10,(anonymous_1)
FN:13,(anonymous_2)
FN:17,(anonymous_3)
FN:20,(anonymous_4)
FN:25,(anonymous_5)
FNF:6
FNH:0
FNDA:0,(anonymous_0)
FNDA:0,(anonymous_1)
FNDA:0,(anonymous_2)
FNDA:0,(anonymous_3)
FNDA:0,(anonymous_4)
FNDA:0,(anonymous_5)
DA:5,2
DA:7,0
DA:10,0
DA:13,0
DA:17,0
DA:20,0
DA:26,0
LF:7
LH:1
BRDA:26,0,0,0
BRDA:26,0,1,0
BRDA:26,0,2,0
BRDA:26,0,3,0
BRDA:26,0,4,0
BRF:5
BRH:0
end_of_record
TN:
SF:backend/src/schemas/register.schema.ts
FN:14,(anonymous_0)
FN:27,(anonymous_1)
FN:35,(anonymous_2)
FNF:3
FNH:3
FNDA:4,(anonymous_0)
FNDA:4,(anonymous_1)
FNDA:4,(anonymous_2)
DA:3,2
DA:14,4
DA:27,4
DA:36,4
LF:4
LH:4
BRF:0
BRH:0
end_of_record
TN:
SF:backend/src/services/memories.service.ts
FN:4,getMemory
FN:20,getAllMemories
FN:32,addMemory
FN:69,updateMemory
FN:105,deleteMemory
FNF:5
FNH:0
FNDA:0,getMemory
FNDA:0,getAllMemories
FNDA:0,addMemory
FNDA:0,updateMemory
FNDA:0,deleteMemory
DA:8,0
DA:13,0
DA:14,0
DA:17,0
DA:21,0
DA:25,0
DA:26,0
DA:29,0
DA:37,0
DA:39,0
DA:40,0
DA:41,0
DA:44,0
DA:54,0
DA:56,0
DA:75,0
DA:77,0
DA:78,0
DA:79,0
DA:82,0
DA:98,0
DA:99,0
DA:102,0
DA:109,0
DA:114,0
DA:115,0
DA:118,0
LF:27
LH:0
BRDA:13,0,0,0
BRDA:13,0,1,0
BRDA:25,1,0,0
BRDA:25,1,1,0
BRDA:40,2,0,0
BRDA:40,2,1,0
BRDA:78,3,0,0
BRDA:78,3,1,0
BRDA:98,4,0,0
BRDA:98,4,1,0
BRDA:114,5,0,0
BRDA:114,5,1,0
BRF:12
BRH:0
end_of_record
TN:
SF:backend/src/services/user.service.ts
FN:11,(anonymous_0)
FN:39,(anonymous_1)
FNF:2
FNH:2
FNDA:2,(anonymous_0)
FNDA:3,(anonymous_1)
DA:11,2
DA:14,2
DA:15,2
DA:17,2
DA:24,2
DA:25,1
DA:27,1
DA:39,2
DA:42,3
DA:43,3
DA:45,3
DA:46,2
DA:48,2
DA:49,1
DA:51,1
DA:62,1
DA:64,1
LF:17
LH:17
BRDA:45,0,0,2
BRDA:45,0,1,1
BRDA:48,1,0,1
BRDA:48,1,1,1
BRF:4
BRH:4
end_of_record
TN:
SF:backend/src/utils/constants.ts
FNF:0
FNH:0
DA:1,2
DA:3,2
LF:2
LH:2
BRF:0
BRH:0
end_of_record
TN:
SF:backend/src/utils/error.handler.ts
FN:8,(anonymous_0)
FN:27,(anonymous_1)
FNF:2
FNH:2
FNDA:9,(anonymous_0)
FNDA:1,(anonymous_1)
DA:8,2
DA:13,9
DA:27,2
DA:28,1
DA:32,1
DA:33,0
DA:36,1
DA:38,1
DA:46,1
LF:9
LH:8
BRDA:13,0,0,7
BRDA:13,0,1,2
BRDA:32,1,0,0
BRDA:32,1,1,1
BRF:4
BRH:3
end_of_record
TN:
SF:backend/src/v1/routes/memories.routes.ts
FNF:0
FNH:0
DA:12,2
DA:14,2
LF:2
LH:2
BRF:0
BRH:0
end_of_record
TN:
SF:backend/src/v1/routes/user.routes.ts
FNF:0
FNH:0
DA:13,2
DA:15,2
DA:17,2
DA:19,2
DA:21,2
LF:5
LH:5
BRF:0
BRH:0
end_of_record
TN:
SF:src/App.tsx
FN:11,App
FNF:1
FNH:0
FNDA:0,App
LF:0
LH:0
BRF:0
BRH:0
end_of_record
TN:
SF:src/ProtectedRoute.tsx
FN:6,ProtectedRoute
FN:9,(anonymous_1)
FNF:2
FNH:0
FNDA:0,ProtectedRoute
FNDA:0,(anonymous_1)
DA:7,0
DA:9,0
DA:10,0
DA:13,0
DA:14,0
LF:5
LH:0
BRDA:16,0,0,0
BRDA:16,0,1,0
BRF:2
BRH:0
end_of_record
TN:
SF:src/config.ts
FNF:0
FNH:0
DA:1,2
LF:1
LH:1
BRF:0
BRH:0
end_of_record
TN:
SF:src/main.tsx
FNF:0
FNH:0
DA:9,0
DA:11,0
DA:20,0
LF:3
LH:0
BRDA:11,0,0,0
BRDA:11,0,1,0
BRDA:11,1,0,0
BRDA:11,1,1,0
BRF:4
BRH:0
end_of_record
TN:
SF:src/queryClient.ts
FNF:0
FNH:0
DA:3,0
LF:1
LH:0
BRF:0
BRH:0
end_of_record
TN:
SF:src/api/axiosApi.ts
FNF:0
FNH:0
DA:5,2
LF:1
LH:1
BRF:0
BRH:0
end_of_record
TN:
SF:src/api/userRequest.ts
FN:9,(anonymous_0)
FN:19,(anonymous_1)
FN:29,(anonymous_2)
FNF:3
FNH:1
FNDA:0,(anonymous_0)
FNDA:1,(anonymous_1)
FNDA:0,(anonymous_2)
DA:9,2
DA:12,0
DA:16,0
DA:19,2
DA:22,1
DA:26,0
DA:29,2
DA:32,0
DA:35,0
LF:9
LH:4
BRF:0
BRH:0
end_of_record
TN:
SF:src/components/CuteButton.tsx
FN:12,(anonymous_0)
FNF:1
FNH:1
FNDA:36,(anonymous_0)
DA:12,3
DA:32,3
LF:2
LH:2
BRDA:17,0,0,4
BRF:1
BRH:1
end_of_record
TN:
SF:src/components/SignInForm.tsx
FN:10,SignInForm
FN:19,(anonymous_1)
FN:28,(anonymous_2)
FN:37,(anonymous_3)
FN:38,(anonymous_4)
FN:41,(anonymous_5)
FN:42,(anonymous_6)
FN:45,(anonymous_7)
FN:47,(anonymous_8)
FN:51,(anonymous_9)
FN:88,(anonymous_10)
FN:120,(anonymous_11)
FNF:12
FNH:6
FNDA:17,SignInForm
FNDA:35,(anonymous_1)
FNDA:1,(anonymous_2)
FNDA:9,(anonymous_3)
FNDA:0,(anonymous_4)
FNDA:9,(anonymous_5)
FNDA:0,(anonymous_6)
FNDA:5,(anonymous_7)
FNDA:0,(anonymous_8)
FNDA:0,(anonymous_9)
FNDA:0,(anonymous_10)
FNDA:0,(anonymous_11)
DA:16,17
DA:19,35
DA:26,17
DA:28,17
DA:31,1
DA:34,17
DA:35,17
DA:37,17
DA:38,9
DA:41,17
DA:42,9
DA:45,17
DA:46,5
DA:47,0
DA:48,0
DA:51,0
DA:52,0
DA:56,5
DA:88,0
DA:120,0
LF:20
LH:14
BRDA:46,0,0,0
BRDA:46,0,1,5
BRDA:81,1,0,17
BRDA:88,2,0,17
BRDA:113,3,0,17
BRDA:120,4,0,17
BRF:6
BRH:5
end_of_record
TN:
SF:src/components/SignUpForm.tsx
FN:10,SignUpForm
FN:19,(anonymous_1)
FN:28,(anonymous_2)
FN:37,(anonymous_3)
FN:38,(anonymous_4)
FN:41,(anonymous_5)
FN:42,(anonymous_6)
FN:45,(anonymous_7)
FN:47,(anonymous_8)
FN:51,(anonymous_9)
FN:99,(anonymous_10)
FN:155,(anonymous_11)
FN:190,(anonymous_12)
FNF:13
FNH:5
FNDA:14,SignUpForm
FNDA:31,(anonymous_1)
FNDA:0,(anonymous_2)
FNDA:9,(anonymous_3)
FNDA:0,(anonymous_4)
FNDA:8,(anonymous_5)
FNDA:0,(anonymous_6)
FNDA:4,(anonymous_7)
FNDA:0,(anonymous_8)
FNDA:0,(anonymous_9)
FNDA:0,(anonymous_10)
FNDA:0,(anonymous_11)
FNDA:0,(anonymous_12)
DA:16,14
DA:19,31
DA:26,14
DA:28,14
DA:31,0
DA:34,14
DA:35,14
DA:37,14
DA:38,9
DA:41,14
DA:42,8
DA:45,14
DA:46,4
DA:47,0
DA:48,0
DA:51,0
DA:52,0
DA:56,4
DA:99,0
DA:155,0
DA:191,0
LF:21
LH:13
BRDA:46,0,0,0
BRDA:46,0,1,4
BRDA:91,1,0,14
BRDA:98,2,0,14
BRDA:128,3,0,14
BRDA:148,4,0,14
BRDA:155,5,0,14
BRDA:179,6,0,14
BRDA:191,7,0,0
BRDA:191,7,1,0
BRDA:200,8,0,14
BRF:11
BRH:8
end_of_record
TN:
SF:src/pages/SignInPage.tsx
FN:5,SignInPage
FNF:1
FNH:0
FNDA:0,SignInPage
LF:0
LH:0
BRF:0
BRH:0
end_of_record
TN:
SF:src/pages/SignUpPage.tsx
FN:5,SignUpPage
FNF:1
FNH:0
FNDA:0,SignUpPage
LF:0
LH:0
BRF:0
BRH:0
end_of_record
TN:
SF:src/pages/VaultPage.tsx
FN:6,VaultPage
FNF:1
FNH:0
FNDA:0,VaultPage
DA:7,0
LF:1
LH:0
BRDA:12,0,0,0
BRDA:18,1,0,0
BRDA:18,1,1,0
BRF:3
BRH:0
end_of_record
TN:
SF:src/store/authStore.ts
FN:28,(anonymous_0)
FN:35,(anonymous_1)
FN:43,(anonymous_2)
FN:54,(anonymous_3)
FN:61,(anonymous_4)
FN:68,(anonymous_5)
FN:69,(anonymous_6)
FN:74,(anonymous_7)
FN:75,(anonymous_8)
FN:80,(anonymous_9)
FN:85,(anonymous_10)
FNF:11
FNH:6
FNDA:2,(anonymous_0)
FNDA:0,(anonymous_1)
FNDA:0,(anonymous_2)
FNDA:1,(anonymous_3)
FNDA:0,(anonymous_4)
FNDA:17,(anonymous_5)
FNDA:17,(anonymous_6)
FNDA:18,(anonymous_7)
FNDA:18,(anonymous_8)
FNDA:0,(anonymous_9)
FNDA:0,(anonymous_10)
DA:27,2
DA:28,2
DA:36,0
DA:37,0
DA:38,0
DA:40,0
DA:41,0
DA:42,0
DA:43,0
DA:55,1
DA:56,1
DA:57,0
DA:59,0
DA:60,0
DA:61,0
DA:69,17
DA:75,18
DA:81,0
DA:82,0
DA:86,0
DA:87,0
DA:88,0
DA:89,0
DA:90,0
DA:91,0
DA:94,0
DA:95,0
DA:96,0
DA:97,0
DA:98,0
DA:99,0
DA:100,0
DA:101,0
DA:103,0
DA:109,0
DA:110,0
LF:36
LH:6
BRDA:40,0,0,0
BRDA:40,0,1,0
BRDA:42,1,0,0
BRDA:42,1,1,0
BRDA:59,2,0,0
BRDA:59,2,1,0
BRDA:88,3,0,0
BRDA:88,3,1,0
BRDA:98,4,0,0
BRDA:98,4,1,0
BRF:10
BRH:0
end_of_record
TN:
SF:src/utils/functions.ts
FN:1,formatDate
FNF:1
FNH:0
FNDA:0,formatDate
DA:4,0
DA:5,0
DA:6,0
DA:7,0
DA:8,0
DA:9,0
DA:10,0
DA:11,0
DA:12,0
DA:14,0
DA:18,0
LF:11
LH:0
BRDA:4,0,0,0
BRDA:4,0,1,0
BRDA:8,1,0,0
BRDA:8,1,1,0
BRF:4
BRH:0
end_of_record
